<?xml version="1.0" encoding="UTF-8"?>
<testng-results ignored="0" total="1" passed="1" failed="0" skipped="0">
  <reporter-output>
  </reporter-output>
  <suite started-at="2023-07-13T13:19:15 IST" name="Default suite" finished-at="2023-07-13T13:19:23 IST" duration-ms="7446">
    <groups>
    </groups>
    <test started-at="2023-07-13T13:19:15 IST" name="Default test" finished-at="2023-07-13T13:19:23 IST" duration-ms="7446">
      <class name="June16.Property_File">
        <test-method signature="startTest()[pri:0, instance:June16.Property_File@3f191845]" started-at="2023-07-13T13:19:15 IST" name="startTest" finished-at="2023-07-13T13:19:23 IST" duration-ms="7374" status="PASS">
          <reporter-output>
          </reporter-output>
        </test-method> <!-- startTest -->
      </class> <!-- June16.Property_File -->
    </test> <!-- Default test -->
  </suite> <!-- Default suite -->
</testng-results>
